2024-07-10 17:12:37 - [SERVER] new request arrived : video, send_thumbnail_info, id:9
2024-07-10 17:12:38 - [SERVER] new request arrived : video, send_video_info, id:10
2024-07-10 17:12:38 - [SERVER] new request arrived : video, set_category, id:11
2024-07-10 17:12:42 - [VIDEO SENDER] request 12 received
2024-07-10 17:12:42 - [VIDEO SENDER] media not found
2024-07-10 17:12:42 - [SERVER] new request arrived : video, get_recommended_posts, id:13
2024-07-10 17:12:44 - [SERVER] new request arrived : video, get_recommended_posts, id:14
2024-07-10 17:12:50 - [SERVER] new request arrived : video, search, id:15
2024-07-10 17:12:51 - [VIDEO SENDER] request 16 received
2024-07-10 17:12:51 - [VIDEO SENDER] media sent
2024-07-10 17:12:51 - [VIDEO SENDER] request 17 received
2024-07-10 17:12:51 - [SERVER] new request arrived : video, get_search_titles, id:18
2024-07-10 17:12:51 - [VIDEO SENDER] media not found
2024-07-10 17:12:53 - [VIDEO SENDER] request 19 received
2024-07-10 17:12:53 - [VIDEO SENDER] request 21 received
2024-07-10 17:12:53 - [VIDEO SENDER] media not found
2024-07-10 17:12:53 - [VIDEO SENDER] media not found
2024-07-10 17:12:53 - [VIDEO SENDER] request 20 received
2024-07-10 17:12:54 - [SERVER] new request arrived : video, add_to_post_viewers, id:24
2024-07-10 17:12:54 - [SERVER] new request arrived : video, check_user_likes_post, id:25
2024-07-10 17:12:54 - [VIDEO SENDER] media sent
2024-07-10 17:12:54 - [SERVER] new request arrived : video, check_user_dislikes_post, id:26
2024-07-10 17:12:54 - [SERVER] new request arrived : video, number_of_likes, id:27
2024-07-10 17:12:54 - [SERVER] new request arrived : comment, load_comments, id:28
2024-07-10 17:12:57 - [VIDEO SENDER] request 29 received
2024-07-10 17:12:57 - [VIDEO SENDER] media not found
2024-07-10 17:12:57 - [SERVER] new request arrived : video, get_recommended_posts, id:30
2024-07-10 17:12:57 - [VIDEO SENDER] request 31 received
2024-07-10 17:12:57 - [VIDEO SENDER] media sent
2024-07-10 17:12:57 - [VIDEO SENDER] request 32 received
2024-07-10 17:12:57 - [VIDEO SENDER] media not found
2024-07-10 17:12:59 - [VIDEO SENDER] request 33 received
2024-07-10 17:12:59 - [VIDEO SENDER] request 34 received
2024-07-10 17:12:59 - [VIDEO SENDER] media not found
2024-07-10 17:12:59 - [VIDEO SENDER] request 35 received
2024-07-10 17:12:59 - [VIDEO SENDER] media not found
2024-07-10 17:12:59 - [SERVER] new request arrived : video, add_to_post_viewers, id:38
2024-07-10 17:12:59 - [SERVER] new request arrived : video, check_user_likes_post, id:39
2024-07-10 17:12:59 - [SERVER] new request arrived : video, check_user_dislikes_post, id:40
2024-07-10 17:12:59 - [VIDEO SENDER] media sent
2024-07-10 17:12:59 - [SERVER] new request arrived : video, number_of_likes, id:41
2024-07-10 17:12:59 - [SERVER] new request arrived : comment, load_comments, id:42
2024-07-10 17:13:09 - [SERVER] new request arrived : comment, put_comment, id:43
2024-07-10 17:13:11 - [VIDEO SENDER] request 44 received
2024-07-10 17:13:11 - [VIDEO SENDER] media not found
2024-07-10 17:13:11 - [SERVER] new request arrived : video, get_recommended_posts, id:45
2024-07-10 17:13:12 - [VIDEO SENDER] request 46 received
2024-07-10 17:13:12 - [VIDEO SENDER] media sent
2024-07-10 17:13:12 - [VIDEO SENDER] request 47 received
2024-07-10 17:13:12 - [VIDEO SENDER] media not found
2024-07-10 17:13:13 - [VIDEO SENDER] request 49 received
2024-07-10 17:13:13 - [VIDEO SENDER] request 48 received
2024-07-10 17:13:13 - [VIDEO SENDER] media not found
2024-07-10 17:13:13 - [VIDEO SENDER] request 50 received
2024-07-10 17:13:13 - [VIDEO SENDER] media not found
2024-07-10 17:13:13 - [SERVER] new request arrived : video, add_to_post_viewers, id:53
2024-07-10 17:13:13 - [SERVER] new request arrived : video, check_user_likes_post, id:54
2024-07-10 17:13:13 - [SERVER] new request arrived : video, check_user_dislikes_post, id:55
2024-07-10 17:13:13 - [SERVER] new request arrived : video, number_of_likes, id:56
2024-07-10 17:13:13 - [SERVER] new request arrived : comment, load_comments, id:57
2024-07-10 17:13:13 - [SERVER] new request arrived : comment, check_user_likes_comment, id:58
2024-07-10 17:13:13 - [VIDEO SENDER] media sent
2024-07-10 17:13:14 - [SERVER] new request arrived : comment, check_user_dislikes_comment, id:59
2024-07-10 17:13:14 - [SERVER] new request arrived : comment, number_of_likes, id:60
2024-07-10 17:14:11 - [SERVER] new request arrived : video, like, id:61
2024-07-10 17:14:32 - [VIDEO SENDER] request 64 received
2024-07-10 17:14:32 - [VIDEO SENDER] media not found
2024-07-10 17:14:47 - [SERVER] new request arrived : video, get_recommended_posts, id:67
2024-07-10 17:14:48 - [VIDEO SENDER] request 68 received
2024-07-10 17:14:48 - [VIDEO SENDER] media sent
2024-07-10 17:14:48 - [VIDEO SENDER] request 69 received
2024-07-10 17:14:48 - [VIDEO SENDER] media not found
2024-07-10 17:14:49 - [VIDEO SENDER] request 71 received
2024-07-10 17:14:49 - [VIDEO SENDER] request 72 received
2024-07-10 17:14:49 - [VIDEO SENDER] media not found
2024-07-10 17:14:49 - [VIDEO SENDER] request 70 received
2024-07-10 17:14:49 - [VIDEO SENDER] media not found
2024-07-10 17:14:49 - [SERVER] new request arrived : video, add_to_post_viewers, id:75
2024-07-10 17:14:49 - [SERVER] new request arrived : video, check_user_likes_post, id:76
2024-07-10 17:14:50 - [SERVER] new request arrived : video, check_user_dislikes_post, id:77
2024-07-10 17:14:50 - [VIDEO SENDER] media sent
2024-07-10 17:14:50 - [SERVER] new request arrived : video, number_of_likes, id:78
2024-07-10 17:14:50 - [SERVER] new request arrived : comment, load_comments, id:79
2024-07-10 17:14:50 - [SERVER] new request arrived : comment, check_user_likes_comment, id:80
2024-07-10 17:14:50 - [SERVER] new request arrived : comment, check_user_dislikes_comment, id:81
2024-07-10 17:14:50 - [SERVER] new request arrived : comment, number_of_likes, id:82
2024-07-10 17:15:03 - [VIDEO SENDER] request 83 received
2024-07-10 17:15:03 - [VIDEO SENDER] media not found
2024-07-10 17:15:04 - [SERVER] new request arrived : video, get_recommended_posts, id:84
2024-07-10 17:15:04 - [VIDEO SENDER] request 85 received
2024-07-10 17:15:04 - [VIDEO SENDER] media sent
2024-07-10 17:15:04 - [VIDEO SENDER] request 86 received
2024-07-10 17:15:04 - [VIDEO SENDER] media not found
2024-07-10 17:15:15 - [SERVER] new request arrived : video, get_recommended_posts, id:89
2024-07-10 17:15:16 - [VIDEO SENDER] request 90 received
2024-07-10 17:15:16 - [VIDEO SENDER] media sent
2024-07-10 17:15:16 - [VIDEO SENDER] request 91 received
2024-07-10 17:15:16 - [VIDEO SENDER] media not found
2024-07-10 17:15:34 - [VIDEO SENDER] request 93 received
2024-07-10 17:15:34 - [VIDEO SENDER] request 94 received
2024-07-10 17:15:34 - [VIDEO SENDER] media not found
2024-07-10 17:15:34 - [VIDEO SENDER] media not found
2024-07-10 17:15:41 - [SERVER] new request arrived : video, get_categories, id:95
2024-07-10 17:15:54 - [SERVER] new request arrived : video, send_thumbnail_info, id:96
2024-07-10 17:15:54 - [SERVER] new request arrived : video, send_video_info, id:97
2024-07-10 17:15:54 - [SERVER] new request arrived : video, set_category, id:98
2024-07-10 17:15:58 - [VIDEO SENDER] request 99 received
2024-07-10 17:15:58 - [VIDEO SENDER] media not found
2024-07-10 17:15:58 - [SERVER] new request arrived : video, get_recommended_posts, id:100
2024-07-10 17:15:59 - [VIDEO SENDER] request 101 received
2024-07-10 17:15:59 - [VIDEO SENDER] request 102 received
2024-07-10 17:15:59 - [VIDEO SENDER] media sent
2024-07-10 17:15:59 - [VIDEO SENDER] media sent
2024-07-10 17:15:59 - [VIDEO SENDER] request 103 received
2024-07-10 17:15:59 - [VIDEO SENDER] media not found
2024-07-10 17:16:00 - [VIDEO SENDER] request 104 received
2024-07-10 17:16:00 - [VIDEO SENDER] media not found
2024-07-10 17:16:07 - [SERVER] new request arrived : video, get_recommended_posts, id:107
2024-07-10 17:16:07 - [VIDEO SENDER] request 108 received
2024-07-10 17:16:07 - [VIDEO SENDER] request 109 received
2024-07-10 17:16:08 - [VIDEO SENDER] media sent
2024-07-10 17:16:08 - [VIDEO SENDER] media sent
2024-07-10 17:16:08 - [VIDEO SENDER] request 110 received
2024-07-10 17:16:08 - [VIDEO SENDER] media not found
2024-07-10 17:16:08 - [VIDEO SENDER] request 111 received
2024-07-10 17:16:08 - [VIDEO SENDER] media not found
2024-07-10 17:16:08 - [VIDEO SENDER] request 112 received
2024-07-10 17:16:08 - [VIDEO SENDER] request 113 received
2024-07-10 17:16:08 - [VIDEO SENDER] media not found
2024-07-10 17:16:08 - [VIDEO SENDER] request 114 received
2024-07-10 17:16:08 - [VIDEO SENDER] media not found
2024-07-10 17:16:08 - [VIDEO SENDER] media sent
2024-07-10 17:16:09 - [SERVER] new request arrived : video, add_to_post_viewers, id:117
2024-07-10 17:16:09 - [SERVER] new request arrived : video, check_user_likes_post, id:118
2024-07-10 17:16:09 - [SERVER] new request arrived : video, check_user_dislikes_post, id:119
2024-07-10 17:16:09 - [SERVER] new request arrived : video, number_of_likes, id:120
2024-07-10 17:16:09 - [SERVER] new request arrived : comment, load_comments, id:121
2024-07-10 17:16:22 - [VIDEO SENDER] request 124 received
2024-07-10 17:16:22 - [VIDEO SENDER] media not found
2024-07-10 17:22:42 - [VIDEO SENDER] request 3 received
2024-07-10 17:22:42 - [VIDEO SENDER] media not found
2024-07-10 17:22:42 - [SERVER] new request arrived : video, get_recommended_posts, id:4
2024-07-10 17:22:43 - [VIDEO SENDER] request 5 received
2024-07-10 17:22:43 - [VIDEO SENDER] request 6 received
2024-07-10 17:22:43 - [VIDEO SENDER] media sent
2024-07-10 17:22:43 - [VIDEO SENDER] media sent
2024-07-10 17:22:43 - [VIDEO SENDER] request 7 received
2024-07-10 17:22:43 - [VIDEO SENDER] media not found
2024-07-10 17:22:44 - [VIDEO SENDER] request 8 received
2024-07-10 17:22:44 - [VIDEO SENDER] media not found
2024-07-10 17:22:47 - [VIDEO SENDER] request 9 received
2024-07-10 17:22:47 - [VIDEO SENDER] request 10 received
2024-07-10 17:22:47 - [VIDEO SENDER] media not found
2024-07-10 17:22:47 - [VIDEO SENDER] request 11 received
2024-07-10 17:22:47 - [VIDEO SENDER] media not found
2024-07-10 17:22:47 - [VIDEO SENDER] media sent
2024-07-10 17:22:48 - [SERVER] new request arrived : video, add_to_post_viewers, id:14
2024-07-10 17:22:48 - [SERVER] new request arrived : video, check_user_likes_post, id:15
2024-07-10 17:22:48 - [SERVER] new request arrived : video, check_user_dislikes_post, id:16
2024-07-10 17:22:48 - [SERVER] new request arrived : video, number_of_likes, id:17
2024-07-10 17:22:48 - [SERVER] new request arrived : comment, load_comments, id:18
2024-07-10 17:22:53 - [VIDEO SENDER] request 21 received
2024-07-10 17:22:53 - [VIDEO SENDER] media not found
2024-07-10 17:41:25 - [VIDEO SENDER] request 3 received
2024-07-10 17:41:25 - [VIDEO SENDER] media not found
2024-07-10 17:41:25 - [SERVER] new request arrived : video, get_recommended_posts, id:4
2024-07-10 17:41:27 - [VIDEO SENDER] request 5 received
2024-07-10 17:41:27 - [VIDEO SENDER] media sent
2024-07-10 17:41:27 - [VIDEO SENDER] request 6 received
2024-07-10 17:41:27 - [VIDEO SENDER] request 7 received
2024-07-10 17:41:27 - [VIDEO SENDER] media not found
2024-07-10 17:41:27 - [VIDEO SENDER] request 8 received
2024-07-10 17:41:27 - [VIDEO SENDER] media not found
2024-07-10 17:41:27 - [VIDEO SENDER] media sent
2024-07-10 17:41:27 - [VIDEO SENDER] request 9 received
2024-07-10 17:41:27 - [VIDEO SENDER] media not found
2024-07-10 17:41:27 - [VIDEO SENDER] request 10 received
2024-07-10 17:41:27 - [VIDEO SENDER] media not found
2024-07-10 17:42:02 - [SERVER] new request arrived : video, get_recommended_posts, id:14
2024-07-10 17:42:03 - [VIDEO SENDER] request 15 received
2024-07-10 17:42:03 - [VIDEO SENDER] request 16 received
2024-07-10 17:42:03 - [VIDEO SENDER] media sent
2024-07-10 17:42:03 - [VIDEO SENDER] request 17 received
2024-07-10 17:42:03 - [VIDEO SENDER] media not found
2024-07-10 17:42:03 - [VIDEO SENDER] media sent
2024-07-10 17:42:03 - [VIDEO SENDER] request 18 received
2024-07-10 17:42:03 - [VIDEO SENDER] request 19 received
2024-07-10 17:42:03 - [VIDEO SENDER] media not found
2024-07-10 17:42:03 - [VIDEO SENDER] media not found
2024-07-10 17:42:03 - [VIDEO SENDER] request 20 received
2024-07-10 17:42:03 - [VIDEO SENDER] media not found
2024-07-10 17:42:11 - [VIDEO SENDER] request 21 received
2024-07-10 17:42:11 - [VIDEO SENDER] request 22 received
2024-07-10 17:42:11 - [VIDEO SENDER] media not found
2024-07-10 17:42:11 - [VIDEO SENDER] request 23 received
2024-07-10 17:42:11 - [VIDEO SENDER] media not found
2024-07-10 17:42:11 - [SERVER] new request arrived : video, add_to_post_viewers, id:26
2024-07-10 17:42:11 - [SERVER] new request arrived : video, check_user_likes_post, id:27
2024-07-10 17:42:12 - [SERVER] new request arrived : video, check_user_dislikes_post, id:28
2024-07-10 17:42:12 - [VIDEO SENDER] media sent
2024-07-10 17:42:12 - [SERVER] new request arrived : video, number_of_likes, id:29
2024-07-10 17:42:12 - [SERVER] new request arrived : comment, load_comments, id:30
2024-07-10 17:42:12 - [SERVER] new request arrived : comment, check_user_likes_comment, id:31
2024-07-10 17:42:12 - [SERVER] new request arrived : comment, check_user_dislikes_comment, id:32
2024-07-10 17:42:12 - [SERVER] new request arrived : comment, number_of_likes, id:33
2024-07-10 17:45:23 - [VIDEO SENDER] request 3 received
2024-07-10 17:45:23 - [VIDEO SENDER] media not found
2024-07-10 17:45:23 - [SERVER] new request arrived : video, get_recommended_posts, id:4
2024-07-10 17:45:25 - [VIDEO SENDER] request 5 received
2024-07-10 17:45:25 - [VIDEO SENDER] request 6 received
2024-07-10 17:45:25 - [VIDEO SENDER] media sent
2024-07-10 17:45:25 - [VIDEO SENDER] request 7 received
2024-07-10 17:45:25 - [VIDEO SENDER] media not found
2024-07-10 17:45:25 - [VIDEO SENDER] request 8 received
2024-07-10 17:45:25 - [VIDEO SENDER] media not found
2024-07-10 17:45:25 - [VIDEO SENDER] media sent
2024-07-10 17:45:25 - [VIDEO SENDER] request 9 received
2024-07-10 17:45:25 - [VIDEO SENDER] media not found
2024-07-10 17:45:25 - [VIDEO SENDER] request 10 received
2024-07-10 17:45:25 - [VIDEO SENDER] media not found
2024-07-10 17:45:26 - [VIDEO SENDER] request 11 received
2024-07-10 17:45:26 - [VIDEO SENDER] request 13 received
2024-07-10 17:45:26 - [VIDEO SENDER] media not found
2024-07-10 17:45:26 - [VIDEO SENDER] media not found
2024-07-10 17:45:26 - [VIDEO SENDER] request 12 received
2024-07-10 17:45:26 - [VIDEO SENDER] media sent
2024-07-10 17:45:26 - [SERVER] new request arrived : video, add_to_post_viewers, id:16
2024-07-10 17:45:26 - [SERVER] new request arrived : video, check_user_likes_post, id:17
2024-07-10 17:45:27 - [SERVER] new request arrived : video, check_user_dislikes_post, id:18
2024-07-10 17:45:27 - [SERVER] new request arrived : video, number_of_likes, id:19
2024-07-10 17:45:27 - [SERVER] new request arrived : comment, load_comments, id:20
2024-07-10 17:49:27 - [VIDEO SENDER] request 3 received
2024-07-10 17:49:27 - [VIDEO SENDER] media not found
2024-07-10 17:49:27 - [SERVER] new request arrived : video, get_recommended_posts, id:4
2024-07-10 17:49:28 - [VIDEO SENDER] request 5 received
2024-07-10 17:49:28 - [VIDEO SENDER] request 6 received
2024-07-10 17:49:28 - [VIDEO SENDER] media sent
2024-07-10 17:49:28 - [VIDEO SENDER] request 7 received
2024-07-10 17:49:28 - [VIDEO SENDER] media not found
2024-07-10 17:49:28 - [VIDEO SENDER] request 8 received
2024-07-10 17:49:28 - [VIDEO SENDER] media not found
2024-07-10 17:49:28 - [VIDEO SENDER] request 9 received
2024-07-10 17:49:28 - [VIDEO SENDER] media not found
2024-07-10 17:49:28 - [VIDEO SENDER] media sent
2024-07-10 17:49:29 - [VIDEO SENDER] request 10 received
2024-07-10 17:49:29 - [VIDEO SENDER] media not found
2024-07-10 17:49:33 - [VIDEO SENDER] request 11 received
2024-07-10 17:49:33 - [VIDEO SENDER] media not found
2024-07-10 17:49:33 - [VIDEO SENDER] request 12 received
2024-07-10 17:49:33 - [VIDEO SENDER] request 13 received
2024-07-10 17:49:33 - [VIDEO SENDER] media not found
2024-07-10 17:49:33 - [VIDEO SENDER] media sent
2024-07-10 17:49:33 - [SERVER] new request arrived : video, add_to_post_viewers, id:16
2024-07-10 17:49:33 - [SERVER] new request arrived : video, check_user_likes_post, id:17
2024-07-10 17:49:33 - [SERVER] new request arrived : video, check_user_dislikes_post, id:18
2024-07-10 17:49:33 - [SERVER] new request arrived : video, number_of_likes, id:19
2024-07-10 17:49:33 - [SERVER] new request arrived : comment, load_comments, id:20
2024-07-10 17:49:41 - [VIDEO SENDER] request 23 received
2024-07-10 17:49:41 - [VIDEO SENDER] media not found
2024-07-10 17:49:41 - [VIDEO SENDER] request 26 received
2024-07-10 17:49:41 - [VIDEO SENDER] media sent
2024-07-10 17:49:41 - [VIDEO SENDER] request 27 received
2024-07-10 17:49:41 - [VIDEO SENDER] media not found
2024-07-10 18:23:20 - [VIDEO SENDER] request 3 received
2024-07-10 18:23:20 - [VIDEO SENDER] media not found
2024-07-10 18:23:20 - [SERVER] new request arrived : video, get_recommended_posts, id:4
2024-07-10 18:23:22 - [VIDEO SENDER] request 5 received
2024-07-10 18:23:22 - [VIDEO SENDER] media sent
2024-07-10 18:23:22 - [VIDEO SENDER] request 6 received
2024-07-10 18:23:22 - [VIDEO SENDER] request 7 received
2024-07-10 18:23:22 - [VIDEO SENDER] media not found
2024-07-10 18:23:22 - [VIDEO SENDER] media sent
2024-07-10 18:23:22 - [VIDEO SENDER] request 8 received
2024-07-10 18:23:22 - [VIDEO SENDER] media not found
2024-07-10 18:23:23 - [VIDEO SENDER] request 9 received
2024-07-10 18:23:23 - [VIDEO SENDER] media not found
2024-07-10 18:23:23 - [VIDEO SENDER] request 10 received
2024-07-10 18:23:23 - [VIDEO SENDER] media not found
2024-07-10 18:23:29 - [VIDEO SENDER] request 13 received
2024-07-10 18:23:29 - [VIDEO SENDER] media not found
2024-07-10 18:23:29 - [VIDEO SENDER] request 12 received
2024-07-10 18:23:29 - [VIDEO SENDER] media not found
2024-07-10 18:24:02 - [SERVER] new request arrived : video, send_profile_photo_info, id:14
2024-07-10 18:24:06 - [VIDEO SENDER] request 15 received
2024-07-10 18:24:06 - [VIDEO SENDER] media not found
2024-07-10 18:24:06 - [SERVER] new request arrived : video, get_recommended_posts, id:16
2024-07-10 18:24:07 - [VIDEO SENDER] request 17 received
2024-07-10 18:24:07 - [VIDEO SENDER] request 18 received
2024-07-10 18:24:07 - [VIDEO SENDER] media sent
2024-07-10 18:24:07 - [VIDEO SENDER] request 19 received
2024-07-10 18:24:07 - [VIDEO SENDER] media not found
2024-07-10 18:24:07 - [VIDEO SENDER] media sent
2024-07-10 18:24:07 - [VIDEO SENDER] request 20 received
2024-07-10 18:24:07 - [VIDEO SENDER] media not found
2024-07-10 18:24:07 - [VIDEO SENDER] request 21 received
2024-07-10 18:24:07 - [VIDEO SENDER] media not found
2024-07-10 18:24:07 - [VIDEO SENDER] request 22 received
2024-07-10 18:24:07 - [VIDEO SENDER] media not found
2024-07-10 18:24:09 - [VIDEO SENDER] request 23 received
2024-07-10 18:24:09 - [VIDEO SENDER] media not found
2024-07-10 18:24:09 - [VIDEO SENDER] request 27 received
2024-07-10 18:24:09 - [SERVER] new request arrived : video, get_all_posts_of_a_channel, id:26
2024-07-10 18:24:09 - [VIDEO SENDER] media not found
2024-07-10 18:24:10 - [VIDEO SENDER] request 28 received
2024-07-10 18:24:10 - [VIDEO SENDER] request 29 received
2024-07-10 18:24:10 - [VIDEO SENDER] media sent
2024-07-10 18:24:10 - [VIDEO SENDER] request 30 received
2024-07-10 18:24:10 - [VIDEO SENDER] media not found
2024-07-10 18:24:10 - [VIDEO SENDER] media sent
2024-07-10 18:24:10 - [VIDEO SENDER] request 31 received
2024-07-10 18:24:10 - [VIDEO SENDER] media not found
2024-07-10 18:24:10 - [VIDEO SENDER] request 32 received
2024-07-10 18:24:10 - [VIDEO SENDER] media not found
2024-07-10 18:24:46 - [VIDEO SENDER] request 3 received
2024-07-10 18:24:46 - [VIDEO SENDER] media not found
2024-07-10 18:24:46 - [SERVER] new request arrived : video, get_recommended_posts, id:4
2024-07-10 18:24:48 - [VIDEO SENDER] request 5 received
2024-07-10 18:24:48 - [VIDEO SENDER] request 6 received
2024-07-10 18:24:48 - [VIDEO SENDER] media sent
2024-07-10 18:24:48 - [VIDEO SENDER] request 7 received
2024-07-10 18:24:48 - [VIDEO SENDER] media sent
2024-07-10 18:24:48 - [VIDEO SENDER] media not found
2024-07-10 18:24:48 - [VIDEO SENDER] request 8 received
2024-07-10 18:24:48 - [VIDEO SENDER] media not found
2024-07-10 18:24:48 - [VIDEO SENDER] request 9 received
2024-07-10 18:24:48 - [VIDEO SENDER] media not found
2024-07-10 18:24:48 - [VIDEO SENDER] request 10 received
2024-07-10 18:24:48 - [VIDEO SENDER] media not found
2024-07-10 18:24:50 - [VIDEO SENDER] request 11 received
2024-07-10 18:24:50 - [VIDEO SENDER] media not found
2024-07-10 18:24:50 - [VIDEO SENDER] request 14 received
2024-07-10 18:24:50 - [SERVER] new request arrived : video, get_all_posts_of_a_channel, id:15
2024-07-10 18:24:50 - [VIDEO SENDER] media not found
2024-07-10 18:24:51 - [VIDEO SENDER] request 16 received
2024-07-10 18:24:51 - [VIDEO SENDER] media sent
2024-07-10 18:24:51 - [VIDEO SENDER] request 18 received
2024-07-10 18:24:51 - [VIDEO SENDER] media not found
2024-07-10 18:24:51 - [VIDEO SENDER] request 17 received
2024-07-10 18:24:51 - [VIDEO SENDER] media sent
2024-07-10 18:24:51 - [VIDEO SENDER] request 19 received
2024-07-10 18:24:51 - [VIDEO SENDER] media not found
2024-07-10 18:24:51 - [VIDEO SENDER] request 20 received
2024-07-10 18:24:51 - [VIDEO SENDER] media not found
2024-07-10 18:25:40 - [VIDEO SENDER] request 3 received
2024-07-10 18:25:40 - [VIDEO SENDER] media not found
2024-07-10 18:25:40 - [SERVER] new request arrived : video, get_recommended_posts, id:4
2024-07-10 18:25:42 - [VIDEO SENDER] request 5 received
2024-07-10 18:25:42 - [VIDEO SENDER] request 6 received
2024-07-10 18:25:42 - [VIDEO SENDER] media sent
2024-07-10 18:25:42 - [VIDEO SENDER] request 7 received
2024-07-10 18:25:42 - [VIDEO SENDER] media not found
2024-07-10 18:25:42 - [VIDEO SENDER] request 8 received
2024-07-10 18:25:42 - [VIDEO SENDER] media not found
2024-07-10 18:25:42 - [VIDEO SENDER] media sent
2024-07-10 18:25:43 - [VIDEO SENDER] request 9 received
2024-07-10 18:25:43 - [VIDEO SENDER] media not found
2024-07-10 18:25:43 - [VIDEO SENDER] request 10 received
2024-07-10 18:25:43 - [VIDEO SENDER] media not found
2024-07-10 18:25:46 - [VIDEO SENDER] request 11 received
2024-07-10 18:25:46 - [VIDEO SENDER] media not found
2024-07-10 18:25:46 - [VIDEO SENDER] request 14 received
2024-07-10 18:25:46 - [SERVER] new request arrived : video, get_all_posts_of_a_channel, id:15
2024-07-10 18:25:46 - [VIDEO SENDER] media not found
2024-07-10 18:25:46 - [VIDEO SENDER] request 16 received
2024-07-10 18:25:46 - [VIDEO SENDER] media sent
2024-07-10 18:25:46 - [VIDEO SENDER] request 17 received
2024-07-10 18:25:46 - [VIDEO SENDER] request 18 received
2024-07-10 18:25:46 - [VIDEO SENDER] media not found
2024-07-10 18:25:46 - [VIDEO SENDER] media sent
2024-07-10 18:25:47 - [VIDEO SENDER] request 19 received
2024-07-10 18:25:47 - [VIDEO SENDER] request 20 received
2024-07-10 18:25:47 - [VIDEO SENDER] media not found
2024-07-10 18:25:47 - [VIDEO SENDER] media not found
2024-07-10 18:25:47 - [VIDEO SENDER] request 21 received
2024-07-10 18:25:47 - [VIDEO SENDER] media not found
2024-07-10 18:28:00 - [VIDEO SENDER] request 3 received
2024-07-10 18:28:00 - [VIDEO SENDER] media not found
2024-07-10 18:28:00 - [SERVER] new request arrived : video, get_recommended_posts, id:4
2024-07-10 18:28:02 - [VIDEO SENDER] request 5 received
2024-07-10 18:28:02 - [VIDEO SENDER] request 6 received
2024-07-10 18:28:02 - [VIDEO SENDER] media sent
2024-07-10 18:28:02 - [VIDEO SENDER] request 7 received
2024-07-10 18:28:02 - [VIDEO SENDER] media not found
2024-07-10 18:28:02 - [VIDEO SENDER] media sent
2024-07-10 18:28:02 - [VIDEO SENDER] request 8 received
2024-07-10 18:28:02 - [VIDEO SENDER] media not found
2024-07-10 18:28:02 - [VIDEO SENDER] request 9 received
2024-07-10 18:28:02 - [VIDEO SENDER] media not found
2024-07-10 18:28:03 - [VIDEO SENDER] request 10 received
2024-07-10 18:28:03 - [VIDEO SENDER] media not found
2024-07-10 18:28:04 - [VIDEO SENDER] request 11 received
2024-07-10 18:28:04 - [VIDEO SENDER] media not found
2024-07-10 18:28:04 - [SERVER] new request arrived : video, get_all_posts_of_a_channel, id:14
2024-07-10 18:28:04 - [VIDEO SENDER] request 15 received
2024-07-10 18:28:04 - [VIDEO SENDER] media not found
2024-07-10 18:28:05 - [VIDEO SENDER] request 16 received
2024-07-10 18:28:05 - [VIDEO SENDER] request 17 received
2024-07-10 18:28:05 - [VIDEO SENDER] media sent
2024-07-10 18:28:05 - [VIDEO SENDER] request 18 received
2024-07-10 18:28:05 - [VIDEO SENDER] media not found
2024-07-10 18:28:05 - [VIDEO SENDER] media sent
2024-07-10 18:28:05 - [VIDEO SENDER] request 19 received
2024-07-10 18:28:05 - [VIDEO SENDER] media sent
2024-07-10 18:28:05 - [VIDEO SENDER] request 20 received
2024-07-10 18:28:05 - [VIDEO SENDER] request 21 received
2024-07-10 18:28:05 - [VIDEO SENDER] media not found
2024-07-10 18:28:05 - [VIDEO SENDER] media not found
2024-07-10 18:28:05 - [VIDEO SENDER] request 22 received
2024-07-10 18:28:05 - [VIDEO SENDER] media not found
2024-07-10 18:29:05 - [VIDEO SENDER] request 3 received
2024-07-10 18:29:05 - [VIDEO SENDER] media not found
2024-07-10 18:29:06 - [SERVER] new request arrived : video, get_recommended_posts, id:4
2024-07-10 18:29:08 - [VIDEO SENDER] request 5 received
2024-07-10 18:29:08 - [VIDEO SENDER] request 6 received
2024-07-10 18:29:08 - [VIDEO SENDER] media sent
2024-07-10 18:29:08 - [VIDEO SENDER] request 7 received
2024-07-10 18:29:08 - [VIDEO SENDER] media not found
2024-07-10 18:29:08 - [VIDEO SENDER] request 8 received
2024-07-10 18:29:08 - [VIDEO SENDER] media not found
2024-07-10 18:29:08 - [VIDEO SENDER] media sent
2024-07-10 18:29:08 - [VIDEO SENDER] request 9 received
2024-07-10 18:29:08 - [VIDEO SENDER] media not found
2024-07-10 18:29:08 - [VIDEO SENDER] request 10 received
2024-07-10 18:29:08 - [VIDEO SENDER] media not found
2024-07-10 18:29:10 - [VIDEO SENDER] request 11 received
2024-07-10 18:29:10 - [VIDEO SENDER] media not found
2024-07-10 18:29:10 - [VIDEO SENDER] request 14 received
2024-07-10 18:29:10 - [SERVER] new request arrived : video, get_all_posts_of_a_channel, id:15
2024-07-10 18:29:10 - [VIDEO SENDER] media not found
2024-07-10 18:29:10 - [VIDEO SENDER] request 16 received
2024-07-10 18:29:10 - [VIDEO SENDER] media sent
2024-07-10 18:29:10 - [VIDEO SENDER] request 18 received
2024-07-10 18:29:10 - [VIDEO SENDER] request 17 received
2024-07-10 18:29:10 - [VIDEO SENDER] media not found
2024-07-10 18:29:10 - [VIDEO SENDER] media sent
2024-07-10 18:29:11 - [VIDEO SENDER] request 19 received
2024-07-10 18:29:11 - [VIDEO SENDER] media sent
2024-07-10 18:29:11 - [VIDEO SENDER] request 20 received
2024-07-10 18:29:11 - [VIDEO SENDER] request 21 received
2024-07-10 18:29:11 - [VIDEO SENDER] media not found
2024-07-10 18:29:11 - [VIDEO SENDER] media not found
2024-07-10 18:29:11 - [VIDEO SENDER] request 22 received
2024-07-10 18:29:11 - [VIDEO SENDER] media not found
2024-07-10 18:40:57 - [VIDEO SENDER] request 3 received
2024-07-10 18:40:57 - [VIDEO SENDER] media not found
2024-07-10 18:40:58 - [SERVER] new request arrived : video, get_recommended_posts, id:4
2024-07-10 18:40:59 - [VIDEO SENDER] request 5 received
2024-07-10 18:40:59 - [VIDEO SENDER] media sent
2024-07-10 18:40:59 - [VIDEO SENDER] request 6 received
2024-07-10 18:40:59 - [VIDEO SENDER] request 7 received
2024-07-10 18:41:00 - [VIDEO SENDER] media sent
2024-07-10 18:41:00 - [VIDEO SENDER] media not found
2024-07-10 18:41:00 - [VIDEO SENDER] request 8 received
2024-07-10 18:41:00 - [VIDEO SENDER] media not found
2024-07-10 18:41:00 - [VIDEO SENDER] request 9 received
2024-07-10 18:41:00 - [VIDEO SENDER] media not found
2024-07-10 18:41:00 - [VIDEO SENDER] request 10 received
2024-07-10 18:41:00 - [VIDEO SENDER] media not found
2024-07-10 18:41:02 - [VIDEO SENDER] request 11 received
2024-07-10 18:41:02 - [VIDEO SENDER] media not found
2024-07-10 18:41:03 - [VIDEO SENDER] request 14 received
2024-07-10 18:41:03 - [VIDEO SENDER] media not found
2024-07-10 18:41:03 - [SERVER] new request arrived : video, get_all_posts_of_a_channel, id:15
2024-07-10 18:41:04 - [VIDEO SENDER] request 17 received
2024-07-10 18:41:04 - [VIDEO SENDER] request 16 received
2024-07-10 18:41:04 - [VIDEO SENDER] media sent
2024-07-10 18:41:04 - [VIDEO SENDER] request 18 received
2024-07-10 18:41:04 - [VIDEO SENDER] media not found
2024-07-10 18:41:04 - [VIDEO SENDER] media sent
2024-07-10 18:41:04 - [VIDEO SENDER] request 19 received
2024-07-10 18:41:04 - [VIDEO SENDER] media sent
2024-07-10 18:41:04 - [VIDEO SENDER] request 20 received
2024-07-10 18:41:04 - [VIDEO SENDER] media not found
2024-07-10 18:41:05 - [VIDEO SENDER] request 21 received
2024-07-10 18:41:05 - [VIDEO SENDER] media not found
2024-07-10 18:41:05 - [VIDEO SENDER] request 22 received
2024-07-10 18:41:05 - [VIDEO SENDER] media not found
2024-07-10 18:41:11 - [VIDEO SENDER] request 25 received
2024-07-10 18:41:11 - [VIDEO SENDER] media sent
2024-07-10 18:41:11 - [VIDEO SENDER] request 26 received
2024-07-10 18:41:11 - [VIDEO SENDER] media not found
2024-07-10 18:41:13 - [SERVER] new request arrived : video, get_all_posts_of_a_channel, id:27
2024-07-10 18:41:14 - [VIDEO SENDER] request 28 received
2024-07-10 18:41:14 - [VIDEO SENDER] request 29 received
2024-07-10 18:41:14 - [VIDEO SENDER] media sent
2024-07-10 18:41:14 - [VIDEO SENDER] request 30 received
2024-07-10 18:41:14 - [VIDEO SENDER] media not found
2024-07-10 18:41:14 - [VIDEO SENDER] media sent
2024-07-10 18:41:14 - [VIDEO SENDER] request 31 received
2024-07-10 18:41:14 - [VIDEO SENDER] media not found
2024-07-10 18:41:14 - [VIDEO SENDER] request 32 received
2024-07-10 18:41:14 - [VIDEO SENDER] media not found
2024-07-10 18:41:14 - [VIDEO SENDER] request 33 received
2024-07-10 18:41:14 - [VIDEO SENDER] media not found
2024-07-10 18:44:05 - [VIDEO SENDER] request 3 received
2024-07-10 18:44:05 - [VIDEO SENDER] media not found
2024-07-10 18:44:05 - [SERVER] new request arrived : video, get_recommended_posts, id:4
2024-07-10 18:44:07 - [VIDEO SENDER] request 5 received
2024-07-10 18:44:07 - [VIDEO SENDER] media sent
2024-07-10 18:44:07 - [VIDEO SENDER] request 6 received
2024-07-10 18:44:07 - [VIDEO SENDER] request 7 received
2024-07-10 18:44:07 - [VIDEO SENDER] media sent
2024-07-10 18:44:07 - [VIDEO SENDER] media not found
2024-07-10 18:44:07 - [VIDEO SENDER] request 8 received
2024-07-10 18:44:07 - [VIDEO SENDER] media not found
2024-07-10 18:44:08 - [VIDEO SENDER] request 9 received
2024-07-10 18:44:08 - [VIDEO SENDER] media not found
2024-07-10 18:44:08 - [VIDEO SENDER] request 10 received
2024-07-10 18:44:08 - [VIDEO SENDER] media not found
2024-07-10 18:44:10 - [VIDEO SENDER] request 11 received
2024-07-10 18:44:10 - [VIDEO SENDER] media not found
2024-07-10 18:44:10 - [VIDEO SENDER] request 15 received
2024-07-10 18:44:10 - [VIDEO SENDER] media not found
2024-07-10 18:44:10 - [SERVER] new request arrived : video, get_all_posts_of_a_channel, id:14
2024-07-10 18:44:11 - [VIDEO SENDER] request 16 received
2024-07-10 18:44:11 - [VIDEO SENDER] request 17 received
2024-07-10 18:44:11 - [VIDEO SENDER] media sent
2024-07-10 18:44:11 - [VIDEO SENDER] request 18 received
2024-07-10 18:44:11 - [VIDEO SENDER] media not found
2024-07-10 18:44:11 - [VIDEO SENDER] media sent
2024-07-10 18:44:11 - [VIDEO SENDER] request 19 received
2024-07-10 18:44:11 - [VIDEO SENDER] request 20 received
2024-07-10 18:44:11 - [VIDEO SENDER] media not found
2024-07-10 18:44:11 - [VIDEO SENDER] media sent
2024-07-10 18:44:11 - [VIDEO SENDER] request 21 received
2024-07-10 18:44:11 - [VIDEO SENDER] media not found
2024-07-10 18:44:11 - [VIDEO SENDER] request 22 received
2024-07-10 18:44:11 - [VIDEO SENDER] media not found
2024-07-10 18:44:19 - [VIDEO SENDER] request 24 received
2024-07-10 18:44:19 - [VIDEO SENDER] media sent
2024-07-10 18:44:19 - [VIDEO SENDER] request 25 received
2024-07-10 18:44:19 - [VIDEO SENDER] media not found
